<?xml version="1.0" encoding="UTF-8"?>
<!-- Generated by org.testng.reporters.JUnitReportReporter -->
<testsuite hostname="IT-TEST" name="com.ccautomation.gaCode.PageTitleTestGacode" tests="1" failures="0" timestamp="28 Jul 2015 13:02:34 GMT" time="64.950" errors="0">
  <testcase name="verifygacode" time="64.950" classname="com.ccautomation.gaCode.PageTitleTestGacode"/>
</testsuite> <!-- com.ccautomation.gaCode.PageTitleTestGacode -->
